
[2023-07-19 10:57:26,336] INFO in views: новый запрос на просмотр всех ресурсов
[2023-07-19 10:57:28,393] INFO in views: Новый запрос на просмотр ленты новостей.
[2023-07-19 10:57:30,032] INFO in views: Новый запрос на просмотр журнала логов.
[2023-07-19 10:57:35,615] INFO in views: новый запрос на просмотр всех ресурсов
[2023-07-19 10:57:40,857] INFO in views: Начало мониторинга с периодичностью 
[2023-07-19 10:57:40,866] INFO in views: Запуск процесса мониторинга
[2023-07-19 10:57:40,921] INFO in views: новый запрос на просмотр всех ресурсов
[2023-07-19 10:57:43,714] INFO in views: Новый запрос на просмотр журнала логов.
[2023-07-19 10:57:46,607] INFO in views: Новый запрос на просмотр ленты новостей.
[2023-07-19 10:57:58,722] INFO in views: Новый запрос на просмотр ленты новостей.
[2023-07-19 10:57:59,956] INFO in views: Новый запрос на просмотр ленты новостей.
[2023-07-19 11:03:42,690] INFO in views: Новый запрос на просмотр ленты новостей.
[2023-07-19 11:03:45,668] INFO in views: Новый запрос на просмотр журнала логов.
[2023-07-19 11:03:48,624] INFO in views: Новый запрос на просмотр ленты новостей.
[2023-07-19 11:03:55,453] INFO in views: Начало мониторинга с периодичностью 
[2023-07-19 11:03:55,458] INFO in views: Запуск процесса мониторинга
[2023-07-19 11:03:55,526] INFO in views: новый запрос на просмотр всех ресурсов
[2023-07-19 11:04:00,685] INFO in views: Новый запрос на просмотр журнала логов.
[2023-07-19 11:09:11,444] INFO in views: Запущен процесс записи объектов из файла.
[2023-07-19 11:09:11,448] INFO in views: Добавлено 21 ресурса(ов).
[2023-07-19 11:09:49,294] INFO in views: Новый запрос на просмотр ленты новостей.
[2023-07-19 11:11:07,544] INFO in views: Новый запрос на просмотр ленты новостей.
[2023-07-19 11:37:41,520] INFO in views: Новый запрос на просмотр ленты новостей.
[2023-07-19 11:38:00,479] INFO in views: Новый запрос на просмотр ленты новостей.
[2023-07-19 11:44:09,121] INFO in views: Новый запрос на просмотр ленты новостей.
[2023-07-19 11:44:25,235] INFO in views: Новый запрос на просмотр ленты новостей.
[2023-07-19 11:44:34,030] INFO in views: Новый запрос на просмотр ленты новостей.
[2023-07-19 11:44:48,243] INFO in views: Новый запрос на просмотр ленты новостей.
[2023-07-19 11:44:56,121] INFO in views: Новый запрос на просмотр ленты новостей.
[2023-07-19 11:45:03,402] INFO in views: Новый запрос на просмотр ленты новостей.
[2023-07-19 11:45:11,184] INFO in views: Новый запрос на просмотр ленты новостей.
[2023-07-19 11:46:26,315] INFO in views: Новый запрос на просмотр ленты новостей.
[2023-07-19 11:46:34,110] INFO in views: Новый запрос на просмотр ленты новостей.
[2023-07-19 11:47:16,577] INFO in views: Новый запрос на просмотр ленты новостей.
[2023-07-19 11:47:29,990] INFO in views: Новый запрос на просмотр ленты новостей.
[2023-07-19 11:48:35,894] INFO in views: Новый запрос на просмотр ленты новостей.
[2023-07-19 11:48:53,006] INFO in views: Новый запрос на просмотр ленты новостей.
[2023-07-19 11:49:09,476] INFO in views: Новый запрос на просмотр ленты новостей.
[2023-07-19 11:49:35,940] INFO in views: Новый запрос на просмотр ленты новостей.
[2023-07-19 11:49:53,696] INFO in views: Новый запрос на просмотр ленты новостей.
[2023-07-19 11:50:01,315] INFO in views: Новый запрос на просмотр ленты новостей.
[2023-07-19 11:50:08,915] INFO in views: Новый запрос на просмотр ленты новостей.
[2023-07-19 11:50:24,749] INFO in views: Новый запрос на просмотр ленты новостей.
[2023-07-19 11:50:43,025] INFO in views: Новый запрос на просмотр ленты новостей.
[2023-07-19 11:51:58,538] INFO in views: Новый запрос на просмотр ленты новостей.
[2023-07-19 11:53:06,929] INFO in views: Новый запрос на просмотр ленты новостей.
[2023-07-19 11:53:24,636] INFO in views: Новый запрос на просмотр ленты новостей.
[2023-07-19 11:54:39,888] INFO in views: Новый запрос на просмотр ленты новостей.
[2023-07-19 11:54:59,478] INFO in views: Новый запрос на просмотр ленты новостей.
[2023-07-19 11:56:02,901] INFO in views: Новый запрос на просмотр журнала логов.
[2023-07-19 11:56:04,001] INFO in views: Новый запрос на просмотр ленты новостей.
[2023-07-19 11:56:16,735] INFO in views: Новый запрос на просмотр ленты новостей.
[2023-07-19 11:56:57,280] INFO in views: Новый запрос на просмотр ленты новостей.
[2023-07-19 11:57:05,767] INFO in views: Новый запрос на просмотр ленты новостей.
[2023-07-19 11:57:23,129] INFO in views: Новый запрос на просмотр ленты новостей.
[2023-07-19 11:57:39,010] INFO in views: Новый запрос на просмотр ленты новостей.
[2023-07-19 11:57:50,252] INFO in views: Новый запрос на просмотр ленты новостей.
[2023-07-19 11:58:01,690] INFO in views: Новый запрос на просмотр ленты новостей.
[2023-07-19 11:58:47,014] INFO in views: Новый запрос на просмотр ленты новостей.
[2023-07-19 11:59:01,667] INFO in views: Новый запрос на просмотр ленты новостей.
[2023-07-19 12:01:12,128] INFO in views: Новый запрос на просмотр ленты новостей.
[2023-07-19 12:01:26,187] INFO in views: Новый запрос на просмотр ленты новостей.
[2023-07-19 12:01:39,272] INFO in views: Новый запрос на просмотр ленты новостей.
[2023-07-19 12:01:45,993] INFO in views: Новый запрос на просмотр ленты новостей.
[2023-07-19 12:01:57,508] INFO in views: Новый запрос на просмотр ленты новостей.
[2023-07-19 12:03:03,558] INFO in views: Новый запрос на просмотр ленты новостей.
[2023-07-19 12:03:10,787] INFO in views: Новый запрос на просмотр ленты новостей.
[2023-07-19 12:03:22,610] INFO in views: Новый запрос на просмотр ленты новостей.
[2023-07-19 12:03:36,090] INFO in views: Новый запрос на просмотр ленты новостей.
[2023-07-19 12:03:53,907] INFO in views: Новый запрос на просмотр ленты новостей.
[2023-07-19 12:04:05,320] INFO in views: Новый запрос на просмотр ленты новостей.
[2023-07-19 12:04:32,016] INFO in views: Новый запрос на просмотр ленты новостей.
[2023-07-19 12:04:46,689] INFO in views: Новый запрос на просмотр ленты новостей.
[2023-07-19 12:04:55,710] INFO in views: Новый запрос на просмотр ленты новостей.
[2023-07-19 12:04:57,200] INFO in views: Новый запрос на просмотр ленты новостей.
[2023-07-19 12:05:06,915] INFO in views: Новый запрос на просмотр ленты новостей.
[2023-07-19 12:05:22,359] INFO in views: Новый запрос на просмотр ленты новостей.
[2023-07-19 12:05:30,490] INFO in views: Новый запрос на просмотр ленты новостей.
[2023-07-19 12:06:04,261] INFO in views: Новый запрос на просмотр ленты новостей.
[2023-07-19 12:06:25,875] INFO in views: Новый запрос на просмотр ленты новостей.
[2023-07-19 12:07:35,231] INFO in views: Новый запрос на просмотр ленты новостей.
[2023-07-19 12:07:54,114] INFO in views: новый запрос на просмотр всех ресурсов
[2023-07-19 12:08:51,976] INFO in views: Новый запрос на просмотр ленты новостей.
[2023-07-19 12:09:23,943] INFO in views: новый запрос на просмотр всех ресурсов
[2023-07-19 12:09:52,109] INFO in views: Новый запрос на просмотр журнала логов.
[2023-07-19 12:09:53,388] INFO in views: Новый запрос на просмотр ленты новостей.
[2023-07-19 12:10:04,981] INFO in views: Новый запрос на просмотр ленты новостей.
[2023-07-19 12:10:08,021] INFO in views: Новый запрос на просмотр ленты новостей.
[2023-07-19 12:17:59,308] INFO in views: Новый запрос на просмотр ленты новостей.
[2023-07-19 12:21:24,608] INFO in views: Новый запрос на просмотр ленты новостей.
[2023-07-19 12:23:44,262] INFO in views: Новый запрос на просмотр ленты новостей.
[2023-07-19 12:23:48,422] INFO in views: Новый запрос на просмотр ленты новостей.
[2023-07-19 12:25:01,565] INFO in views: Новый запрос на просмотр ленты новостей.
[2023-07-19 12:28:38,051] INFO in views: Новый запрос на просмотр ленты новостей.
[2023-07-19 12:28:58,901] INFO in views: новый запрос на просмотр всех ресурсов
[2023-07-19 12:29:00,820] INFO in views: Новый запрос на просмотр журнала логов.
[2023-07-19 12:29:02,226] INFO in views: Новый запрос на просмотр ленты новостей.
[2023-07-19 12:30:18,205] INFO in views: Новый запрос на просмотр ленты новостей.
[2023-07-19 12:30:34,360] INFO in views: Новый запрос на просмотр ленты новостей.
[2023-07-19 12:30:48,840] INFO in views: Новый запрос на просмотр ленты новостей.
[2023-07-19 12:31:21,491] INFO in views: Новый запрос на просмотр ленты новостей.
[2023-07-19 12:31:34,713] INFO in views: новый запрос на просмотр всех ресурсов
[2023-07-19 12:31:37,146] INFO in views: Новый запрос на просмотр ленты новостей.
[2023-07-19 12:32:12,009] INFO in views: Новый запрос на просмотр ленты новостей.
[2023-07-19 12:32:17,388] INFO in views: Новый запрос на просмотр ленты новостей.
[2023-07-19 12:32:52,595] INFO in views: Новый запрос на просмотр журнала логов.
[2023-07-19 12:32:54,110] INFO in views: Новый запрос на просмотр ленты новостей.
[2023-07-19 12:33:21,801] INFO in views: Новый запрос на просмотр ленты новостей.
[2023-07-19 12:34:11,060] INFO in views: Новый запрос на просмотр ленты новостей.
[2023-07-19 12:44:46,460] INFO in views: новый запрос на просмотр всех ресурсов
[2023-07-19 12:44:49,096] INFO in views: Новый запрос на просмотр ленты новостей.
[2023-07-19 12:45:30,002] INFO in views: Новый запрос на просмотр ленты новостей.
[2023-07-19 12:45:38,779] INFO in views: Новый запрос на просмотр ленты новостей.
[2023-07-19 12:47:04,156] INFO in views: Новый запрос на просмотр ленты новостей.
[2023-07-19 12:47:12,398] INFO in views: Новый запрос на просмотр ленты новостей.
[2023-07-19 12:49:29,305] INFO in views: Новый запрос на просмотр ленты новостей.
[2023-07-19 12:49:32,725] INFO in views: Новый запрос на просмотр ленты новостей.
[2023-07-19 12:49:37,636] INFO in views: Новый запрос на просмотр ленты новостей.
[2023-07-19 12:53:13,069] INFO in views: новый запрос на просмотр всех ресурсов
[2023-07-19 12:53:16,787] INFO in views: Новый запрос на просмотр ленты новостей.
[2023-07-19 12:53:23,350] INFO in views: Новый запрос на просмотр ленты новостей.
[2023-07-19 12:53:29,566] INFO in views: Новый запрос на просмотр ленты новостей.
[2023-07-19 12:53:55,262] INFO in views: Новый запрос на просмотр ленты новостей.
[2023-07-19 12:54:28,729] INFO in views: Новый запрос на просмотр ленты новостей.
[2023-07-19 12:55:16,388] INFO in views: новый запрос на просмотр всех ресурсов
[2023-07-19 12:55:18,082] INFO in views: Новый запрос на просмотр ленты новостей.
[2023-07-19 12:55:22,319] INFO in views: Новый запрос на просмотр ленты новостей.
[2023-07-19 12:55:32,672] INFO in views: Новый запрос на просмотр ленты новостей.
[2023-07-19 12:56:27,174] INFO in views: Новый запрос на просмотр ленты новостей.
[2023-07-19 12:56:31,951] INFO in views: Новый запрос на просмотр ленты новостей.
[2023-07-19 12:57:13,781] INFO in views: Новый запрос на просмотр ленты новостей.
[2023-07-19 12:57:25,196] INFO in views: Новый запрос на просмотр ленты новостей.
[2023-07-19 13:01:31,609] INFO in views: новый запрос на просмотр всех ресурсов
[2023-07-19 13:01:33,405] INFO in views: Новый запрос на просмотр ленты новостей.
[2023-07-19 13:01:34,272] INFO in views: Новый запрос на просмотр журнала логов.
[2023-07-19 13:01:35,236] INFO in views: Новый запрос на просмотр ленты новостей.
[2023-07-19 13:02:11,875] INFO in views: Новый запрос на просмотр ленты новостей.
[2023-07-19 13:02:50,997] INFO in views: Новый запрос на просмотр ленты новостей.
[2023-07-19 13:03:06,405] INFO in views: Новый запрос на просмотр ленты новостей.
[2023-07-19 13:04:14,721] INFO in views: Новый запрос на просмотр ленты новостей.
[2023-07-19 13:04:28,354] INFO in views: Новый запрос на просмотр ленты новостей.
[2023-07-19 13:04:32,463] INFO in views: Новый запрос на просмотр ленты новостей.
[2023-07-19 13:08:30,808] INFO in views: Новый запрос на просмотр ленты новостей.
[2023-07-19 13:09:41,715] INFO in views: Новый запрос на просмотр ленты новостей.
[2023-07-19 13:11:46,043] INFO in views: Новый запрос на просмотр ленты новостей.
[2023-07-19 13:12:17,230] INFO in views: Новый запрос на просмотр ленты новостей.
[2023-07-19 13:12:22,222] INFO in views: Новый запрос на просмотр ленты новостей.
[2023-07-19 13:12:45,352] INFO in views: Новый запрос на просмотр ленты новостей.
[2023-07-19 13:13:11,968] INFO in views: Новый запрос на просмотр ленты новостей.
[2023-07-19 13:13:16,736] INFO in views: Новый запрос на просмотр ленты новостей.
[2023-07-19 13:13:21,367] INFO in views: Новый запрос на просмотр ленты новостей.
[2023-07-19 13:13:32,476] INFO in views: Новый запрос на просмотр ленты новостей.
[2023-07-19 13:14:03,279] INFO in views: Новый запрос на просмотр ленты новостей.
[2023-07-19 13:14:30,015] INFO in views: Новый запрос на просмотр ленты новостей.
[2023-07-19 13:14:33,209] INFO in views: Новый запрос на просмотр ленты новостей.
[2023-07-19 13:14:42,448] INFO in views: Новый запрос на просмотр ленты новостей.
[2023-07-19 13:15:01,202] INFO in views: новый запрос на просмотр всех ресурсов
[2023-07-19 13:15:03,167] INFO in views: Новый запрос на просмотр ленты новостей.
[2023-07-19 13:15:11,027] INFO in views: новый запрос на просмотр всех ресурсов
[2023-07-19 13:15:33,760] INFO in views: Новый запрос на просмотр ленты новостей.
[2023-07-19 14:55:58,487] INFO in views: новый запрос на просмотр всех ресурсов
[2023-07-19 14:56:04,063] INFO in views: Новый запрос на просмотр ленты новостей.
[2023-07-19 14:56:14,474] INFO in views: Новый запрос на просмотр ленты новостей.
[2023-07-19 14:56:27,300] INFO in views: Новый запрос на просмотр ленты новостей.
[2023-07-19 14:56:42,254] INFO in views: Новый запрос на просмотр ленты новостей.
[2023-07-19 14:57:25,734] INFO in views: Новый запрос на просмотр ленты новостей.
[2023-07-19 14:57:45,250] INFO in views: Новый запрос на просмотр ленты новостей.
[2023-07-19 14:57:50,244] INFO in views: новый запрос на просмотр всех ресурсов
[2023-07-19 14:57:52,293] INFO in views: Новый запрос на просмотр ленты новостей.
[2023-07-19 14:58:25,359] INFO in views: Новый запрос на просмотр ленты новостей.
[2023-07-19 14:58:34,112] INFO in views: Новый запрос на просмотр ленты новостей.
[2023-07-19 14:59:02,764] INFO in views: Новый запрос на просмотр ленты новостей.
[2023-07-19 14:59:04,833] INFO in views: Новый запрос на просмотр ленты новостей.
[2023-07-19 14:59:47,725] INFO in views: Новый запрос на просмотр ленты новостей.
[2023-07-19 15:00:12,367] INFO in views: Новый запрос на просмотр ленты новостей.
[2023-07-19 15:00:50,462] INFO in views: Новый запрос на просмотр ленты новостей.
[2023-07-19 15:00:51,854] INFO in views: Новый запрос на просмотр ленты новостей.
[2023-07-19 15:00:53,028] INFO in views: Новый запрос на просмотр ленты новостей.
[2023-07-19 15:00:54,101] INFO in views: Новый запрос на просмотр ленты новостей.
[2023-07-19 15:00:54,958] INFO in views: Новый запрос на просмотр ленты новостей.
[2023-07-19 15:00:55,975] INFO in views: Новый запрос на просмотр ленты новостей.
[2023-07-19 15:00:57,037] INFO in views: Новый запрос на просмотр ленты новостей.
[2023-07-19 15:00:58,324] INFO in views: Новый запрос на просмотр ленты новостей.
[2023-07-19 15:04:56,499] INFO in views: Новый запрос на просмотр ленты новостей.
[2023-07-19 15:05:10,901] INFO in views: Новый запрос на просмотр ленты новостей.
[2023-07-19 15:05:46,187] INFO in views: Новый запрос на просмотр ленты новостей.
[2023-07-19 15:05:52,383] INFO in views: Новый запрос на просмотр ленты новостей.
[2023-07-19 15:06:00,731] INFO in views: Новый запрос на просмотр ленты новостей.
[2023-07-19 15:06:30,798] INFO in views: Новый запрос на просмотр ленты новостей.
[2023-07-19 15:06:37,904] INFO in views: Новый запрос на просмотр ленты новостей.
[2023-07-19 15:06:49,364] INFO in views: Новый запрос на просмотр ленты новостей.
[2023-07-19 15:07:11,899] INFO in views: Новый запрос на просмотр ленты новостей.
[2023-07-19 15:07:15,679] INFO in views: Новый запрос на просмотр ленты новостей.
[2023-07-19 15:07:17,693] INFO in views: Новый запрос на просмотр ленты новостей.
[2023-07-19 15:07:19,018] INFO in views: Новый запрос на просмотр ленты новостей.
[2023-07-19 15:07:20,194] INFO in views: Новый запрос на просмотр ленты новостей.
[2023-07-19 15:07:21,262] INFO in views: Новый запрос на просмотр ленты новостей.
[2023-07-19 15:07:22,711] INFO in views: Новый запрос на просмотр ленты новостей.
[2023-07-19 15:07:23,797] INFO in views: Новый запрос на просмотр ленты новостей.
[2023-07-19 15:07:24,911] INFO in views: Новый запрос на просмотр ленты новостей.
[2023-07-19 15:08:11,021] INFO in views: Новый запрос на просмотр ленты новостей.
[2023-07-19 15:08:29,689] INFO in views: Новый запрос на просмотр ленты новостей.
[2023-07-19 15:09:09,483] INFO in views: Новый запрос на просмотр ленты новостей.
[2023-07-19 15:09:13,125] INFO in views: Новый запрос на просмотр ленты новостей.
[2023-07-19 15:09:22,651] INFO in views: Новый запрос на просмотр ленты новостей.
[2023-07-19 15:09:44,022] INFO in views: Новый запрос на просмотр ленты новостей.
[2023-07-19 15:10:15,252] INFO in views: Новый запрос на просмотр ленты новостей.
[2023-07-19 15:10:17,558] INFO in views: Новый запрос на просмотр ленты новостей.
[2023-07-19 15:10:19,125] INFO in views: Новый запрос на просмотр ленты новостей.
[2023-07-19 15:10:20,626] INFO in views: Новый запрос на просмотр ленты новостей.
[2023-07-19 15:10:42,470] INFO in views: Новый запрос на просмотр ленты новостей.
[2023-07-19 15:10:49,869] INFO in views: новый запрос на просмотр всех ресурсов
[2023-07-19 15:10:53,025] INFO in views: новый запрос на просмотр всех ресурсов
[2023-07-19 15:10:54,638] INFO in views: новый запрос на просмотр всех ресурсов
[2023-07-19 15:11:02,891] INFO in views: Запущен процесс записи объектов из файла.
[2023-07-19 15:11:02,899] INFO in views: Добавлено 21 ресурса(ов).
[2023-07-19 15:11:04,876] INFO in views: новый запрос на просмотр всех ресурсов
[2023-07-19 15:11:08,196] INFO in views: новый запрос на просмотр всех ресурсов
[2023-07-19 15:11:11,479] INFO in views: новый запрос на просмотр всех ресурсов
[2023-07-19 15:11:19,375] INFO in views: новый запрос на просмотр всех ресурсов
[2023-07-19 15:11:21,266] INFO in views: новый запрос на просмотр всех ресурсов
[2023-07-19 15:11:23,601] INFO in views: новый запрос на просмотр всех ресурсов
[2023-07-19 15:11:28,871] INFO in views: новый запрос на просмотр всех ресурсов
[2023-07-19 15:11:36,024] INFO in views: Новый запрос на просмотр ленты новостей.
[2023-07-19 15:11:37,955] INFO in views: Новый запрос на просмотр журнала логов.
[2023-07-19 15:11:38,947] INFO in views: Новый запрос на просмотр ленты новостей.
[2023-07-19 15:12:41,045] INFO in views: Новый запрос на просмотр ленты новостей.
[2023-07-19 15:12:42,583] INFO in views: Новый запрос на просмотр ленты новостей.
[2023-07-19 15:12:49,226] INFO in views: Новый запрос на просмотр ленты новостей.
[2023-07-19 15:12:52,016] INFO in views: Новый запрос на просмотр ленты новостей.
[2023-07-19 15:12:54,353] INFO in views: Новый запрос на просмотр ленты новостей.
[2023-07-19 15:12:56,537] INFO in views: Новый запрос на просмотр ленты новостей.
[2023-07-19 15:12:58,540] INFO in views: Новый запрос на просмотр ленты новостей.
[2023-07-19 15:13:00,717] INFO in views: Новый запрос на просмотр ленты новостей.
[2023-07-19 15:13:02,477] INFO in views: Новый запрос на просмотр ленты новостей.
[2023-07-19 15:13:04,462] INFO in views: Новый запрос на просмотр ленты новостей.
[2023-07-19 15:13:07,680] INFO in views: Новый запрос на просмотр ленты новостей.
[2023-07-19 15:13:09,171] INFO in views: Новый запрос на просмотр ленты новостей.
[2023-07-19 15:13:11,762] INFO in views: Новый запрос на просмотр ленты новостей.
[2023-07-19 15:14:18,588] INFO in views: Новый запрос на просмотр ленты новостей.
[2023-07-19 15:14:58,336] INFO in views: Новый запрос на просмотр ленты новостей.
[2023-07-19 15:15:10,931] INFO in views: Новый запрос на просмотр ленты новостей.
[2023-07-19 15:15:29,363] INFO in views: Новый запрос на просмотр ленты новостей.
[2023-07-19 15:16:19,290] INFO in views: Новый запрос на просмотр ленты новостей.
[2023-07-19 15:16:45,857] INFO in views: Новый запрос на просмотр ленты новостей.
[2023-07-19 15:16:56,179] INFO in views: Новый запрос на просмотр ленты новостей.
[2023-07-19 15:17:07,222] INFO in views: Новый запрос на просмотр ленты новостей.
[2023-07-19 15:17:16,448] INFO in views: Новый запрос на просмотр ленты новостей.
[2023-07-19 15:17:25,488] INFO in views: Новый запрос на просмотр ленты новостей.
[2023-07-19 15:17:46,075] INFO in views: Новый запрос на просмотр ленты новостей.
[2023-07-19 15:18:02,955] INFO in views: Новый запрос на просмотр ленты новостей.
[2023-07-19 15:20:09,492] INFO in views: Новый запрос на просмотр ленты новостей.
[2023-07-19 15:20:29,353] INFO in views: Новый запрос на просмотр ленты новостей.
[2023-07-19 15:20:37,960] INFO in views: Новый запрос на просмотр ленты новостей.
[2023-07-19 15:21:15,333] INFO in views: Новый запрос на просмотр ленты новостей.
[2023-07-19 15:22:50,237] INFO in views: Новый запрос на просмотр ленты новостей.
[2023-07-19 15:23:24,782] INFO in views: Новый запрос на просмотр ленты новостей.
[2023-07-19 15:23:33,288] INFO in views: Новый запрос на просмотр ленты новостей.
[2023-07-19 15:24:30,977] INFO in views: Новый запрос на просмотр ленты новостей.
[2023-07-19 15:24:38,065] INFO in views: Новый запрос на просмотр ленты новостей.
[2023-07-19 15:24:48,679] INFO in views: Новый запрос на просмотр ленты новостей.
[2023-07-19 15:25:00,281] INFO in views: Новый запрос на просмотр ленты новостей.
[2023-07-19 15:25:12,794] INFO in views: Новый запрос на просмотр ленты новостей.
[2023-07-19 15:25:56,804] INFO in views: Новый запрос на просмотр ленты новостей.
[2023-07-19 15:26:20,820] INFO in views: Новый запрос на просмотр ленты новостей.
[2023-07-19 15:26:36,166] INFO in views: Новый запрос на просмотр ленты новостей.
[2023-07-19 15:26:43,129] INFO in views: Новый запрос на просмотр ленты новостей.
[2023-07-19 15:28:05,595] INFO in views: Новый запрос на просмотр ленты новостей.
[2023-07-19 15:28:16,983] INFO in views: Новый запрос на просмотр ленты новостей.
[2023-07-19 15:29:28,302] INFO in views: Новый запрос на просмотр ленты новостей.
[2023-07-19 15:29:47,921] INFO in views: Новый запрос на просмотр ленты новостей.
[2023-07-19 15:30:17,602] INFO in views: Новый запрос на просмотр ленты новостей.
[2023-07-19 15:30:49,478] INFO in views: Новый запрос на просмотр ленты новостей.
[2023-07-19 15:31:35,621] INFO in views: Новый запрос на просмотр ленты новостей.
[2023-07-19 15:32:05,339] INFO in views: Новый запрос на просмотр ленты новостей.
[2023-07-19 15:32:08,400] INFO in views: Новый запрос на просмотр ленты новостей.
[2023-07-19 15:32:22,290] INFO in views: Новый запрос на просмотр ленты новостей.
[2023-07-19 15:32:23,911] INFO in views: Новый запрос на просмотр ленты новостей.
[2023-07-19 15:32:26,041] INFO in views: Новый запрос на просмотр ленты новостей.
[2023-07-19 15:32:27,107] INFO in views: Новый запрос на просмотр ленты новостей.
[2023-07-19 15:32:28,036] INFO in views: Новый запрос на просмотр ленты новостей.
[2023-07-19 15:32:28,951] INFO in views: Новый запрос на просмотр ленты новостей.
[2023-07-19 15:32:29,691] INFO in views: Новый запрос на просмотр ленты новостей.
[2023-07-19 15:32:30,527] INFO in views: Новый запрос на просмотр ленты новостей.
[2023-07-19 15:32:31,239] INFO in views: Новый запрос на просмотр ленты новостей.
[2023-07-19 15:32:31,957] INFO in views: Новый запрос на просмотр ленты новостей.
[2023-07-19 15:32:33,427] INFO in views: Новый запрос на просмотр ленты новостей.
[2023-07-19 15:32:36,033] INFO in views: Новый запрос на просмотр ленты новостей.
[2023-07-19 15:32:37,968] INFO in views: Новый запрос на просмотр ленты новостей.
[2023-07-19 15:32:40,698] INFO in views: Новый запрос на просмотр ленты новостей.
[2023-07-19 15:32:42,139] INFO in views: Новый запрос на просмотр ленты новостей.
[2023-07-19 15:32:43,173] INFO in views: Новый запрос на просмотр ленты новостей.
[2023-07-19 15:32:44,108] INFO in views: Новый запрос на просмотр ленты новостей.
[2023-07-19 15:32:45,272] INFO in views: Новый запрос на просмотр ленты новостей.
[2023-07-19 15:32:46,330] INFO in views: Новый запрос на просмотр ленты новостей.
[2023-07-19 15:32:47,649] INFO in views: Новый запрос на просмотр ленты новостей.
[2023-07-19 15:32:48,814] INFO in views: Новый запрос на просмотр ленты новостей.
[2023-07-19 15:32:51,491] INFO in views: Новый запрос на просмотр ленты новостей.
[2023-07-19 15:32:52,999] INFO in views: Новый запрос на просмотр ленты новостей.
[2023-07-19 15:32:54,303] INFO in views: Новый запрос на просмотр ленты новостей.
[2023-07-19 15:33:41,286] INFO in views: Новый запрос на просмотр ленты новостей.
[2023-07-19 15:33:45,978] INFO in views: Новый запрос на просмотр ленты новостей.
[2023-07-19 15:33:47,543] INFO in views: Новый запрос на просмотр ленты новостей.
[2023-07-19 15:34:43,726] INFO in views: Новый запрос на просмотр ленты новостей.
[2023-07-19 15:35:22,438] INFO in views: Новый запрос на просмотр ленты новостей.
[2023-07-19 15:35:46,204] INFO in views: Новый запрос на просмотр ленты новостей.
[2023-07-19 15:36:07,879] INFO in views: Новый запрос на просмотр ленты новостей.
[2023-07-19 15:36:13,964] INFO in views: Новый запрос на просмотр ленты новостей.
[2023-07-19 15:36:19,785] INFO in views: Новый запрос на просмотр ленты новостей.
[2023-07-19 15:36:22,086] INFO in views: Новый запрос на просмотр ленты новостей.
[2023-07-19 15:36:25,545] INFO in views: Новый запрос на просмотр ленты новостей.
[2023-07-19 15:36:29,532] INFO in views: Новый запрос на просмотр ленты новостей.
[2023-07-19 15:36:32,822] INFO in views: Новый запрос на просмотр ленты новостей.
[2023-07-19 15:36:35,042] INFO in views: Новый запрос на просмотр ленты новостей.
[2023-07-19 15:37:04,209] INFO in views: Новый запрос на просмотр ленты новостей.
[2023-07-19 15:37:10,847] INFO in views: Новый запрос на просмотр ленты новостей.
[2023-07-19 15:37:24,923] INFO in views: Новый запрос на просмотр ленты новостей.
[2023-07-19 15:37:34,316] INFO in views: Новый запрос на просмотр ленты новостей.
[2023-07-19 15:37:40,988] INFO in views: Новый запрос на просмотр ленты новостей.
[2023-07-19 15:37:51,540] INFO in views: Новый запрос на просмотр ленты новостей.
[2023-07-19 15:37:58,171] INFO in views: Новый запрос на просмотр ленты новостей.
[2023-07-19 15:38:29,192] INFO in views: Новый запрос на просмотр ленты новостей.
[2023-07-19 15:38:52,626] INFO in views: Новый запрос на просмотр ленты новостей.
[2023-07-19 15:39:09,245] INFO in views: Новый запрос на просмотр ленты новостей.
[2023-07-19 15:39:11,024] INFO in views: Новый запрос на просмотр ленты новостей.
[2023-07-19 15:39:14,616] INFO in views: Новый запрос на просмотр ленты новостей.
[2023-07-19 15:39:16,226] INFO in views: Новый запрос на просмотр ленты новостей.
[2023-07-19 15:40:32,854] INFO in views: Новый запрос на просмотр ленты новостей.
[2023-07-19 15:41:01,565] INFO in views: Новый запрос на просмотр ленты новостей.
[2023-07-19 15:41:08,840] INFO in views: Новый запрос на просмотр ленты новостей.
[2023-07-19 15:41:11,322] INFO in views: Новый запрос на просмотр ленты новостей.
[2023-07-19 15:41:13,377] INFO in views: Новый запрос на просмотр ленты новостей.
[2023-07-19 15:42:53,221] INFO in views: Новый запрос на просмотр ленты новостей.
[2023-07-19 15:43:13,222] INFO in views: Новый запрос на просмотр ленты новостей.
[2023-07-19 15:43:14,553] INFO in views: Новый запрос на просмотр ленты новостей.
[2023-07-19 15:43:15,743] INFO in views: Новый запрос на просмотр ленты новостей.
[2023-07-19 15:43:16,569] INFO in views: Новый запрос на просмотр ленты новостей.
[2023-07-19 15:43:21,641] INFO in views: Новый запрос на просмотр ленты новостей.
[2023-07-19 15:43:40,636] INFO in views: Новый запрос на просмотр ленты новостей.
[2023-07-19 15:43:42,433] INFO in views: Новый запрос на просмотр ленты новостей.
[2023-07-19 15:43:42,935] INFO in views: Новый запрос на просмотр ленты новостей.
[2023-07-19 15:43:44,034] INFO in views: Новый запрос на просмотр ленты новостей.
[2023-07-19 15:43:45,515] INFO in views: Новый запрос на просмотр ленты новостей.
[2023-07-19 15:43:56,930] INFO in views: новый запрос на просмотр всех ресурсов
[2023-07-19 15:43:58,682] INFO in views: новый запрос на просмотр всех ресурсов
[2023-07-19 15:44:02,006] INFO in views: Новый запрос на просмотр ленты новостей.
[2023-07-19 15:45:12,175] INFO in views: Новый запрос на просмотр ленты новостей.
[2023-07-19 15:45:13,187] INFO in views: Новый запрос на просмотр ленты новостей.
[2023-07-19 15:45:14,664] INFO in views: Новый запрос на просмотр ленты новостей.
[2023-07-19 15:45:16,089] INFO in views: Новый запрос на просмотр ленты новостей.
[2023-07-19 15:45:17,772] INFO in views: Новый запрос на просмотр ленты новостей.
[2023-07-19 15:45:19,869] INFO in views: Новый запрос на просмотр ленты новостей.
[2023-07-19 15:48:26,976] INFO in views: Новый запрос на просмотр ленты новостей.
[2023-07-19 15:48:44,091] INFO in views: Новый запрос на просмотр ленты новостей.
[2023-07-19 15:48:45,994] INFO in views: Новый запрос на просмотр ленты новостей.
[2023-07-19 15:49:27,032] INFO in views: Новый запрос на просмотр ленты новостей.
[2023-07-19 15:49:28,669] INFO in views: Новый запрос на просмотр ленты новостей.
[2023-07-19 15:49:29,830] INFO in views: Новый запрос на просмотр ленты новостей.
[2023-07-19 15:49:30,630] INFO in views: Новый запрос на просмотр ленты новостей.
[2023-07-19 15:49:31,354] INFO in views: Новый запрос на просмотр ленты новостей.
[2023-07-19 15:49:32,011] INFO in views: Новый запрос на просмотр ленты новостей.
[2023-07-19 15:49:32,689] INFO in views: Новый запрос на просмотр ленты новостей.
[2023-07-19 15:49:33,282] INFO in views: Новый запрос на просмотр ленты новостей.
[2023-07-19 15:49:33,880] INFO in views: Новый запрос на просмотр ленты новостей.
[2023-07-19 15:49:34,520] INFO in views: Новый запрос на просмотр ленты новостей.
[2023-07-19 15:49:35,920] INFO in views: Новый запрос на просмотр ленты новостей.
[2023-07-19 15:49:37,062] INFO in views: Новый запрос на просмотр ленты новостей.
[2023-07-19 15:49:38,605] INFO in views: Новый запрос на просмотр ленты новостей.
[2023-07-19 15:49:40,299] INFO in views: Новый запрос на просмотр ленты новостей.
[2023-07-19 15:49:43,681] INFO in views: Новый запрос на просмотр ленты новостей.
[2023-07-19 15:49:48,627] INFO in views: Новый запрос на просмотр ленты новостей.
[2023-07-19 15:49:50,617] INFO in views: Новый запрос на просмотр ленты новостей.
[2023-07-19 15:49:52,548] INFO in views: Новый запрос на просмотр ленты новостей.
[2023-07-19 15:49:54,958] INFO in views: Новый запрос на просмотр ленты новостей.
[2023-07-19 15:49:58,292] INFO in views: Новый запрос на просмотр ленты новостей.
[2023-07-19 15:50:01,721] INFO in views: Новый запрос на просмотр ленты новостей.
[2023-07-19 15:50:04,555] INFO in views: Новый запрос на просмотр ленты новостей.
[2023-07-19 15:51:31,356] INFO in views: Новый запрос на просмотр ленты новостей.
[2023-07-19 15:51:36,852] INFO in views: Новый запрос на просмотр ленты новостей.
[2023-07-19 15:52:50,460] INFO in views: Новый запрос на просмотр журнала логов.
[2023-07-19 15:52:51,342] INFO in views: новый запрос на просмотр всех ресурсов
[2023-07-19 15:52:54,598] INFO in views: новый запрос на просмотр всех ресурсов
[2023-07-19 15:52:56,208] INFO in views: новый запрос на просмотр всех ресурсов
[2023-07-19 15:52:57,498] INFO in views: новый запрос на просмотр всех ресурсов
[2023-07-19 15:52:59,009] INFO in views: новый запрос на просмотр всех ресурсов
[2023-07-19 15:53:01,685] INFO in views: новый запрос на просмотр всех ресурсов
[2023-07-19 15:53:07,151] INFO in views: Новый запрос на просмотр журнала логов.
[2023-07-19 15:53:08,362] INFO in views: Новый запрос на просмотр ленты новостей.
[2023-07-19 15:53:10,746] INFO in views: Новый запрос на просмотр ленты новостей.
[2023-07-19 15:53:17,162] INFO in views: Новый запрос на просмотр ленты новостей.
[2023-07-19 15:53:18,345] INFO in views: Новый запрос на просмотр ленты новостей.
[2023-07-19 15:53:19,362] INFO in views: Новый запрос на просмотр ленты новостей.
[2023-07-19 15:53:20,680] INFO in views: Новый запрос на просмотр ленты новостей.
[2023-07-19 15:53:28,814] INFO in views: новый запрос на просмотр всех ресурсов
[2023-07-19 15:53:30,857] INFO in views: новый запрос на просмотр всех ресурсов
[2023-07-19 15:53:32,212] INFO in views: новый запрос на просмотр всех ресурсов
[2023-07-19 15:53:33,659] INFO in views: новый запрос на просмотр всех ресурсов
[2023-07-19 15:53:35,182] INFO in views: новый запрос на просмотр всех ресурсов
[2023-07-19 15:53:38,885] INFO in views: новый запрос на просмотр всех ресурсов
[2023-07-19 15:53:44,826] INFO in views: новый запрос на просмотр всех ресурсов
[2023-07-19 15:53:47,126] INFO in views: новый запрос на просмотр всех ресурсов
[2023-07-19 15:53:50,711] INFO in views: новый запрос на просмотр всех ресурсов
[2023-07-19 15:53:52,281] INFO in views: новый запрос на просмотр всех ресурсов
[2023-07-19 15:53:55,342] INFO in views: Новый запрос на просмотр ленты новостей.
[2023-07-19 15:54:09,418] INFO in views: Новый запрос на просмотр ленты новостей.
[2023-07-19 15:54:48,805] INFO in views: Новый запрос на просмотр ленты новостей.
[2023-07-19 15:55:08,437] INFO in views: Новый запрос на просмотр ленты новостей.
[2023-07-19 15:55:11,388] INFO in views: Новый запрос на просмотр ленты новостей.
[2023-07-19 15:55:12,972] INFO in views: Новый запрос на просмотр ленты новостей.
[2023-07-19 15:55:15,776] INFO in views: Новый запрос на просмотр ленты новостей.
[2023-07-19 15:55:17,375] INFO in views: Новый запрос на просмотр ленты новостей.
[2023-07-19 15:55:18,791] INFO in views: Новый запрос на просмотр ленты новостей.
[2023-07-19 15:55:20,121] INFO in views: Новый запрос на просмотр ленты новостей.
[2023-07-19 15:55:21,539] INFO in views: Новый запрос на просмотр ленты новостей.
[2023-07-19 15:55:32,933] INFO in views: новый запрос на просмотр всех ресурсов
[2023-07-19 15:55:36,398] INFO in views: Zip-архив не передан.
[2023-07-19 15:55:43,234] INFO in views: Запущен процесс записи объектов из файла.
[2023-07-19 15:55:43,241] INFO in views: Добавлено 21 ресурса(ов).
[2023-07-19 15:55:45,410] INFO in views: новый запрос на просмотр всех ресурсов
[2023-07-19 15:55:47,504] INFO in views: новый запрос на просмотр всех ресурсов
[2023-07-19 15:55:49,988] INFO in views: новый запрос на просмотр всех ресурсов
[2023-07-19 15:55:51,854] INFO in views: новый запрос на просмотр всех ресурсов
[2023-07-19 15:55:55,256] INFO in views: новый запрос на просмотр всех ресурсов
[2023-07-19 15:56:00,360] INFO in views: Новый запрос на просмотр ленты новостей.
[2023-07-19 15:56:03,055] INFO in views: Новый запрос на просмотр ленты новостей.
[2023-07-19 15:56:04,658] INFO in views: Новый запрос на просмотр ленты новостей.
[2023-07-19 15:56:07,596] INFO in views: Новый запрос на просмотр ленты новостей.
[2023-07-19 15:56:09,556] INFO in views: Новый запрос на просмотр ленты новостей.
[2023-07-19 15:56:11,086] INFO in views: Новый запрос на просмотр ленты новостей.
[2023-07-19 15:58:46,794] INFO in views: Новый запрос на просмотр ленты новостей.
[2023-07-19 15:59:01,722] INFO in views: Новый запрос на просмотр ленты новостей.
[2023-07-19 15:59:06,798] INFO in views: Новый запрос на просмотр ленты новостей.
[2023-07-19 15:59:40,200] INFO in views: Новый запрос на просмотр ленты новостей.
[2023-07-19 15:59:52,097] INFO in views: Новый запрос на просмотр ленты новостей.
[2023-07-19 16:00:00,186] INFO in views: Новый запрос на просмотр ленты новостей.
[2023-07-19 16:00:02,782] INFO in views: Новый запрос на просмотр ленты новостей.
[2023-07-19 16:00:04,179] INFO in views: Новый запрос на просмотр ленты новостей.
[2023-07-19 16:00:06,319] INFO in views: Новый запрос на просмотр ленты новостей.
[2023-07-19 16:00:08,560] INFO in views: Новый запрос на просмотр ленты новостей.
[2023-07-19 16:00:10,659] INFO in views: Новый запрос на просмотр ленты новостей.
[2023-07-19 16:00:12,314] INFO in views: Новый запрос на просмотр ленты новостей.
[2023-07-19 16:00:13,748] INFO in views: Новый запрос на просмотр ленты новостей.
[2023-07-19 16:00:15,321] INFO in views: Новый запрос на просмотр ленты новостей.
[2023-07-19 16:00:16,776] INFO in views: Новый запрос на просмотр ленты новостей.
[2023-07-19 16:00:18,233] INFO in views: Новый запрос на просмотр ленты новостей.
[2023-07-19 16:00:19,598] INFO in views: Новый запрос на просмотр ленты новостей.
[2023-07-19 16:00:20,991] INFO in views: Новый запрос на просмотр ленты новостей.
[2023-07-19 16:00:22,458] INFO in views: Новый запрос на просмотр ленты новостей.
[2023-07-19 16:03:16,069] INFO in views: Новый запрос на просмотр ленты новостей.
[2023-07-19 16:03:20,308] INFO in views: Новый запрос на просмотр ленты новостей.
[2023-07-19 16:03:23,939] INFO in views: Новый запрос на просмотр ленты новостей.
[2023-07-19 16:04:00,087] INFO in views: Новый запрос на просмотр ленты новостей.
[2023-07-19 16:04:24,739] INFO in views: Новый запрос на просмотр ленты новостей.
[2023-07-19 16:04:27,866] INFO in views: Новый запрос на просмотр ленты новостей.
[2023-07-19 16:05:10,997] INFO in views: Новый запрос на просмотр ленты новостей.
[2023-07-19 16:05:28,192] INFO in views: Новый запрос на просмотр ленты новостей.
[2023-07-19 16:32:41,639] INFO in views: Новый запрос на просмотр ленты новостей.
[2023-07-19 16:33:01,187] INFO in views: Новый запрос на просмотр ленты новостей.
[2023-07-19 16:33:33,866] INFO in views: Новый запрос на просмотр ленты новостей.
[2023-07-19 16:33:44,203] INFO in views: Новый запрос на просмотр ленты новостей.
[2023-07-19 16:33:57,287] INFO in views: Новый запрос на просмотр ленты новостей.
[2023-07-19 16:34:02,302] INFO in views: Новый запрос на просмотр ленты новостей.
[2023-07-19 16:34:07,102] INFO in views: Новый запрос на просмотр ленты новостей.
[2023-07-19 16:34:21,586] INFO in views: Новый запрос на просмотр ленты новостей.
[2023-07-19 16:34:23,745] INFO in views: Новый запрос на просмотр ленты новостей.
[2023-07-19 16:34:59,117] INFO in views: Новый запрос на просмотр ленты новостей.
[2023-07-19 16:35:27,041] INFO in views: Новый запрос на просмотр ленты новостей.
[2023-07-19 16:35:29,291] INFO in views: Новый запрос на просмотр ленты новостей.
[2023-07-19 16:39:57,329] INFO in views: Новый запрос на просмотр ленты новостей.
[2023-07-19 16:40:02,112] INFO in views: Новый запрос на просмотр ленты новостей.
[2023-07-19 16:40:03,835] INFO in views: Новый запрос на просмотр ленты новостей.
[2023-07-19 16:40:05,806] INFO in views: Новый запрос на просмотр ленты новостей.
[2023-07-19 16:40:07,724] INFO in views: Новый запрос на просмотр ленты новостей.
[2023-07-19 16:40:09,306] INFO in views: Новый запрос на просмотр ленты новостей.
[2023-07-19 16:40:10,797] INFO in views: Новый запрос на просмотр ленты новостей.
[2023-07-19 16:40:12,137] INFO in views: Новый запрос на просмотр ленты новостей.
[2023-07-19 16:40:13,235] INFO in views: Новый запрос на просмотр ленты новостей.
[2023-07-19 16:40:14,432] INFO in views: Новый запрос на просмотр ленты новостей.
[2023-07-19 16:40:15,547] INFO in views: Новый запрос на просмотр ленты новостей.
[2023-07-19 16:40:16,798] INFO in views: Новый запрос на просмотр ленты новостей.
[2023-07-19 16:40:18,113] INFO in views: Новый запрос на просмотр ленты новостей.
[2023-07-19 16:40:19,423] INFO in views: Новый запрос на просмотр ленты новостей.
[2023-07-19 16:40:21,137] INFO in views: Новый запрос на просмотр ленты новостей.
[2023-07-19 16:40:22,179] INFO in views: Новый запрос на просмотр ленты новостей.
[2023-07-19 16:40:23,341] INFO in views: Новый запрос на просмотр ленты новостей.
[2023-07-19 16:42:20,648] INFO in views: Новый запрос на просмотр ленты новостей.
[2023-07-19 16:42:26,190] INFO in views: Новый запрос на просмотр ленты новостей.
[2023-07-19 16:42:27,528] INFO in views: Новый запрос на просмотр ленты новостей.
[2023-07-19 16:42:29,997] INFO in views: Новый запрос на просмотр ленты новостей.
[2023-07-19 16:42:31,957] INFO in views: Новый запрос на просмотр ленты новостей.
[2023-07-19 16:42:33,294] INFO in views: Новый запрос на просмотр ленты новостей.
[2023-07-19 16:42:34,622] INFO in views: Новый запрос на просмотр ленты новостей.
[2023-07-19 16:42:35,807] INFO in views: Новый запрос на просмотр ленты новостей.
[2023-07-19 16:42:37,586] INFO in views: Новый запрос на просмотр ленты новостей.
[2023-07-19 16:42:38,702] INFO in views: Новый запрос на просмотр ленты новостей.
[2023-07-19 16:42:40,073] INFO in views: Новый запрос на просмотр ленты новостей.
[2023-07-19 16:42:41,276] INFO in views: Новый запрос на просмотр ленты новостей.
[2023-07-19 16:42:42,574] INFO in views: Новый запрос на просмотр ленты новостей.
[2023-07-19 16:42:43,733] INFO in views: Новый запрос на просмотр ленты новостей.
[2023-07-19 16:42:45,073] INFO in views: Новый запрос на просмотр ленты новостей.
[2023-07-19 16:42:46,759] INFO in views: Новый запрос на просмотр ленты новостей.
[2023-07-19 16:42:48,255] INFO in views: Новый запрос на просмотр ленты новостей.
[2023-07-19 16:42:49,495] INFO in views: Новый запрос на просмотр ленты новостей.
[2023-07-19 16:42:50,662] INFO in views: Новый запрос на просмотр ленты новостей.
[2023-07-19 18:17:41,680] INFO in views: Новый запрос на просмотр таблицы ресурсов.
[2023-07-19 18:18:07,526] INFO in views: Новый запрос на просмотр таблицы ресурсов.
[2023-07-20 07:56:18,181] INFO in views: Новый запрос на просмотр ленты новостей.
[2023-07-20 07:56:35,198] INFO in views: Новый запрос на просмотр таблицы ресурсов.
[2023-07-20 07:57:01,088] INFO in views: Новый запрос на просмотр ленты новостей.
[2023-07-20 07:57:03,299] INFO in views: Новый запрос на просмотр журнала логов.
[2023-07-20 07:57:12,170] INFO in views: Новый запрос на просмотр ленты новостей.
[2023-07-20 07:57:16,737] INFO in views: Новый запрос на просмотр ленты новостей.
[2023-07-20 07:57:18,540] INFO in views: Новый запрос на просмотр ленты новостей.
[2023-07-20 07:57:19,902] INFO in views: Новый запрос на просмотр ленты новостей.
[2023-07-20 07:57:21,455] INFO in views: Новый запрос на просмотр ленты новостей.
[2023-07-20 07:57:22,843] INFO in views: Новый запрос на просмотр ленты новостей.
[2023-07-20 07:57:24,335] INFO in views: Новый запрос на просмотр ленты новостей.
[2023-07-20 07:57:26,295] INFO in views: Новый запрос на просмотр ленты новостей.
[2023-07-20 07:57:27,756] INFO in views: Новый запрос на просмотр ленты новостей.
[2023-07-20 08:07:45,047] INFO in views: Новый запрос на просмотр журнала логов.
[2023-07-20 08:08:12,088] INFO in views: Новый запрос на просмотр журнала логов.
[2023-07-20 08:08:21,339] INFO in views: Новый запрос на просмотр журнала логов.
[2023-07-20 08:09:34,173] INFO in views: Новый запрос на просмотр журнала логов.
[2023-07-20 08:10:28,189] INFO in views: Новый запрос на просмотр журнала логов.
[2023-07-20 08:10:43,379] INFO in views: Новый запрос на просмотр журнала логов.
[2023-07-20 08:10:50,476] INFO in views: Новый запрос на просмотр журнала логов.
[2023-07-20 08:10:53,636] INFO in views: Новый запрос на просмотр ленты новостей.
[2023-07-20 08:10:57,710] INFO in views: Новый запрос на просмотр журнала логов.
[2023-07-20 08:11:38,498] INFO in views: Новый запрос на просмотр журнала логов.
[2023-07-20 08:11:40,292] INFO in views: Новый запрос на просмотр ленты новостей.
[2023-07-20 08:11:54,606] INFO in views: Новый запрос на просмотр журнала логов.
[2023-07-20 08:12:27,803] INFO in views: Новый запрос на просмотр журнала логов.
[2023-07-20 08:12:29,728] INFO in views: Новый запрос на просмотр журнала логов.
[2023-07-20 08:12:31,607] INFO in views: Новый запрос на просмотр журнала логов.
[2023-07-20 08:12:32,941] INFO in views: Новый запрос на просмотр журнала логов.
[2023-07-20 08:12:34,470] INFO in views: Новый запрос на просмотр журнала логов.
[2023-07-20 08:12:35,790] INFO in views: Новый запрос на просмотр журнала логов.
[2023-07-20 08:12:37,110] INFO in views: Новый запрос на просмотр журнала логов.
[2023-07-20 08:12:38,388] INFO in views: Новый запрос на просмотр журнала логов.
[2023-07-20 08:12:40,127] INFO in views: Новый запрос на просмотр журнала логов.
[2023-07-20 08:12:41,460] INFO in views: Новый запрос на просмотр журнала логов.
[2023-07-20 08:12:42,941] INFO in views: Новый запрос на просмотр журнала логов.
[2023-07-20 08:12:45,290] INFO in views: Новый запрос на просмотр журнала логов.
[2023-07-20 08:12:46,997] INFO in views: Новый запрос на просмотр журнала логов.
[2023-07-20 08:12:48,357] INFO in views: Новый запрос на просмотр журнала логов.
[2023-07-20 08:12:49,850] INFO in views: Новый запрос на просмотр журнала логов.
[2023-07-20 08:12:51,274] INFO in views: Новый запрос на просмотр журнала логов.
[2023-07-20 08:12:52,635] INFO in views: Новый запрос на просмотр журнала логов.
[2023-07-20 08:12:54,773] INFO in views: Новый запрос на просмотр журнала логов.
[2023-07-20 08:12:56,228] INFO in views: Новый запрос на просмотр журнала логов.
[2023-07-20 08:12:57,551] INFO in views: Новый запрос на просмотр журнала логов.
[2023-07-20 08:12:58,862] INFO in views: Новый запрос на просмотр журнала логов.
[2023-07-20 08:13:00,526] INFO in views: Новый запрос на просмотр журнала логов.
[2023-07-20 08:13:02,878] INFO in views: Новый запрос на просмотр журнала логов.
[2023-07-20 08:13:43,976] INFO in views: Новый запрос на просмотр журнала логов.
[2023-07-20 08:13:46,051] INFO in views: Загрузка PDF файла с журналом логов.
[2023-07-20 08:14:15,369] INFO in views: Новый запрос на просмотр ленты новостей.
[2023-07-20 08:14:17,566] INFO in views: Новый запрос на просмотр ленты новостей.
