[2023-07-19 11:09:11,875] INFO in async_services: Добавлен новый ресурс домен - pythonworld, id - 26e44c88-684d-4581-ab87-04a422028fdb
[2023-07-19 11:09:11,959] INFO in async_services: Добавлен новый ресурс домен - schedule.readthedocs, id - 4ddfb3c3-5f12-45ef-a9b3-19cf9329e023
[2023-07-19 11:09:11,963] INFO in async_services: Добавлен новый ресурс домен - docs-python, id - 0bd12967-39d4-45ec-b2a5-2575c45e8a9f
[2023-07-19 11:09:11,967] INFO in async_services: Добавлен новый ресурс домен - rukovodstvo, id - 53e36829-15fb-4fce-b29a-d404abc22f88
[2023-07-19 11:09:12,040] INFO in async_services: Добавлен новый ресурс домен - tproger, id - c50396c8-d386-46a9-b73f-83c9c93810ba
[2023-07-19 11:09:12,041] INFO in async_services: Добавлен новый ресурс домен - habr, id - f4b829d8-2698-4c50-80ed-87dd0ff9d526
[2023-07-19 11:09:12,048] INFO in async_services: Добавлен новый ресурс домен - habr, id - f73ef57f-5694-47ba-b3ec-cb1728d6501f
[2023-07-19 11:09:12,048] INFO in async_services: Добавлен новый ресурс домен - telegra, id - 09bbd5a5-7beb-45ee-9bbb-237ca02ac273
[2023-07-19 11:09:12,049] INFO in async_services: Добавлен новый ресурс домен - habr, id - 1a8fd830-3eca-4e06-9483-4501393d0992
[2023-07-19 11:09:12,051] INFO in async_services: Добавлен новый ресурс домен - python-scripts, id - abaa387b-246d-4b1d-9f37-6a49508104af
[2023-07-19 11:09:12,061] INFO in async_services: Добавлен новый ресурс домен - habr, id - 7a9bde0e-2a0e-4b12-b1c3-ce5a705bd359
[2023-07-19 11:09:12,061] INFO in async_services: Добавлен новый ресурс домен - habr, id - c4b169be-626a-4f0a-b710-382e788c4de5
[2023-07-19 11:09:12,119] INFO in async_services: Добавлен новый ресурс домен - stackoverflow, id - 3551ddce-2d60-4cb0-beac-b1b427609d97
[2023-07-19 11:09:12,163] INFO in async_services: Добавлен новый ресурс домен - github, id - ece30b87-2675-4bf6-b193-29e045dd9201
[2023-07-19 11:09:12,242] INFO in async_services: Добавлен новый ресурс домен - stepik, id - 24bcc1dd-4982-46be-a889-b1c81d949e29
[2023-07-19 11:09:12,245] INFO in async_services: Добавлен новый ресурс домен - timeweb, id - 97fe1e74-abd0-46ac-9120-837a76ed1632
[2023-07-19 11:09:12,258] INFO in async_services: Добавлен новый ресурс домен - nedbatchelder, id - a9c0b0bd-318b-4045-bd55-1a01e75a2ccd
[2023-07-19 11:09:12,545] INFO in async_services: Добавлен новый ресурс домен - www.bogotobogo, id - fefdd107-dff3-4cf6-aa07-d925ad3e18af
[2023-07-19 11:09:12,630] INFO in async_services: Добавлен новый ресурс домен - docs.sqlalchemy, id - a4082e57-fe88-4fbe-bb7f-c6d426859b1a
[2023-07-19 11:09:13,219] INFO in async_services: Добавлен новый ресурс домен - belleyou, id - 527b6481-9d5b-4352-a4ff-169318789275
[2023-07-19 11:09:13,472] INFO in async_services: Сработал таумаут ожидания ответа для https://refactoring.guru/ru/design-patterns/observer/python/example
[2023-07-19 11:09:13,488] INFO in async_services: Добавлен новый ресурс домен - refactoring, id - 8cb83bf3-2f6b-4183-ace8-4ed4f198c907
[2023-07-19 11:20:20,393] INFO in monitoring: Изменился статус доступности ресурса 24bcc1dd-4982-46be-a889-b1c81d949e29 с 200 на 0.
[2023-07-19 11:20:20,402] INFO in monitoring: Изменился статус доступности ресурса 0bd12967-39d4-45ec-b2a5-2575c45e8a9f с 425 на 0.
[2023-07-19 11:21:20,593] INFO in monitoring: Изменился статус доступности ресурса 0bd12967-39d4-45ec-b2a5-2575c45e8a9f с 0 на 425.
[2023-07-19 11:21:20,861] INFO in monitoring: Изменился статус доступности ресурса 24bcc1dd-4982-46be-a889-b1c81d949e29 с 0 на 200.
[2023-07-19 11:34:47,813] INFO in monitoring: Ресурс 0bd12967-39d4-45ec-b2a5-2575c45e8a9f недоступен дольше 24 проверок и был удален.
[2023-07-19 11:34:49,762] INFO in monitoring: Ресурс 8cb83bf3-2f6b-4183-ace8-4ed4f198c907 недоступен дольше 24 проверок и был удален.
[2023-07-19 11:35:49,894] INFO in monitoring: Ресурс 0bd12967-39d4-45ec-b2a5-2575c45e8a9f недоступен дольше 24 проверок и был удален.
[2023-07-19 11:35:51,841] INFO in monitoring: Ресурс 8cb83bf3-2f6b-4183-ace8-4ed4f198c907 недоступен дольше 24 проверок и был удален.
[2023-07-19 11:36:51,966] INFO in monitoring: Ресурс 0bd12967-39d4-45ec-b2a5-2575c45e8a9f недоступен дольше 24 проверок и был удален.
[2023-07-19 11:36:53,918] INFO in monitoring: Ресурс 8cb83bf3-2f6b-4183-ace8-4ed4f198c907 недоступен дольше 24 проверок и был удален.
[2023-07-19 11:37:54,043] INFO in monitoring: Ресурс 0bd12967-39d4-45ec-b2a5-2575c45e8a9f недоступен дольше 24 проверок и был удален.
[2023-07-19 11:37:56,002] INFO in monitoring: Ресурс 8cb83bf3-2f6b-4183-ace8-4ed4f198c907 недоступен дольше 24 проверок и был удален.
[2023-07-19 11:38:56,128] INFO in monitoring: Ресурс 0bd12967-39d4-45ec-b2a5-2575c45e8a9f недоступен дольше 24 проверок и был удален.
[2023-07-19 11:38:58,087] INFO in monitoring: Ресурс 8cb83bf3-2f6b-4183-ace8-4ed4f198c907 недоступен дольше 24 проверок и был удален.
[2023-07-19 11:39:58,212] INFO in monitoring: Ресурс 0bd12967-39d4-45ec-b2a5-2575c45e8a9f недоступен дольше 24 проверок и был удален.
[2023-07-19 11:40:00,168] INFO in monitoring: Ресурс 8cb83bf3-2f6b-4183-ace8-4ed4f198c907 недоступен дольше 24 проверок и был удален.
[2023-07-19 11:41:00,297] INFO in monitoring: Ресурс 0bd12967-39d4-45ec-b2a5-2575c45e8a9f недоступен дольше 24 проверок и был удален.
[2023-07-19 11:41:02,249] INFO in monitoring: Ресурс 8cb83bf3-2f6b-4183-ace8-4ed4f198c907 недоступен дольше 24 проверок и был удален.
[2023-07-19 11:42:02,376] INFO in monitoring: Ресурс 0bd12967-39d4-45ec-b2a5-2575c45e8a9f недоступен дольше 24 проверок и был удален.
[2023-07-19 11:42:04,335] INFO in monitoring: Ресурс 8cb83bf3-2f6b-4183-ace8-4ed4f198c907 недоступен дольше 24 проверок и был удален.
[2023-07-19 11:43:04,466] INFO in monitoring: Ресурс 0bd12967-39d4-45ec-b2a5-2575c45e8a9f недоступен дольше 24 проверок и был удален.
[2023-07-19 11:43:06,416] INFO in monitoring: Ресурс 8cb83bf3-2f6b-4183-ace8-4ed4f198c907 недоступен дольше 24 проверок и был удален.
[2023-07-19 15:11:03,153] INFO in async_services: Добавлен новый ресурс домен - docs-python, id - 3e82c2f3-dd05-4cb9-a0db-74f4dcbb188e
[2023-07-19 15:11:03,190] INFO in async_services: Добавлен новый ресурс домен - schedule.readthedocs, id - f3fd4c32-4f1f-4450-96d6-f7cbc30b779e
[2023-07-19 15:11:03,237] INFO in async_services: Добавлен новый ресурс домен - pythonworld, id - 52eff77c-de3e-474a-945e-62fe3adc7233
[2023-07-19 15:11:03,317] INFO in async_services: Добавлен новый ресурс домен - telegra, id - 46ae735c-ba3c-4167-b49c-2f8be16192cf
[2023-07-19 15:11:03,337] INFO in async_services: Добавлен новый ресурс домен - tproger, id - d6b2a165-412c-48ea-8311-cf004958f47e
[2023-07-19 15:11:03,338] INFO in async_services: Добавлен новый ресурс домен - rukovodstvo, id - b2811a2e-730c-4804-9317-5e7f138b802e
[2023-07-19 15:11:03,385] INFO in async_services: Добавлен новый ресурс домен - habr, id - 63cc5228-b7ea-4169-86e9-332d5378253b
[2023-07-19 15:11:03,397] INFO in async_services: Добавлен новый ресурс домен - habr, id - 43a280b9-a485-4af5-b74a-1e7d4fba791c
[2023-07-19 15:11:03,409] INFO in async_services: Добавлен новый ресурс домен - stepik, id - 73cf9dd5-0844-4ec6-8fbd-2dbbfea460dc
[2023-07-19 15:11:03,411] INFO in async_services: Добавлен новый ресурс домен - habr, id - 9a02deb8-0aa3-4f3c-ade4-031ac4a9e451
[2023-07-19 15:11:03,453] INFO in async_services: Добавлен новый ресурс домен - habr, id - 1e7fd49c-d0b3-4d4b-ab47-60613c5b8dd2
[2023-07-19 15:11:03,473] INFO in async_services: Добавлен новый ресурс домен - habr, id - f644cffe-d3a7-4401-9c71-076548bbc2a8
[2023-07-19 15:11:03,591] INFO in async_services: Добавлен новый ресурс домен - github, id - 856d03f3-a7f9-46fa-9d21-88ba53a75711
[2023-07-19 15:11:03,626] INFO in async_services: Добавлен новый ресурс домен - stackoverflow, id - 50029afc-2b2f-4904-9014-1e1ad3dfb767
[2023-07-19 15:11:03,643] INFO in async_services: Добавлен новый ресурс домен - timeweb, id - adca05b6-539e-4482-ab38-588de9ff5ff3
[2023-07-19 15:11:03,678] INFO in async_services: Добавлен новый ресурс домен - docs.sqlalchemy, id - 9cb13c07-775c-4235-b5d6-62146e25a22c
[2023-07-19 15:11:03,806] INFO in async_services: Добавлен новый ресурс домен - nedbatchelder, id - e21e5164-208a-4f4c-9a1f-d18d90a5304c
[2023-07-19 15:11:03,841] INFO in async_services: Добавлен новый ресурс домен - python-scripts, id - 3af61d70-24f5-432c-8c4a-663db6c046e4
[2023-07-19 15:11:03,962] INFO in async_services: Добавлен новый ресурс домен - www.bogotobogo, id - 36bec925-0d61-4248-9269-200b98990da7
[2023-07-19 15:11:04,118] INFO in async_services: Добавлен новый ресурс домен - belleyou, id - 91377497-1a7b-447d-8467-83a222a8e409
[2023-07-19 15:11:04,929] INFO in async_services: Сработал таумаут ожидания ответа для https://refactoring.guru/ru/design-patterns/observer/python/example
[2023-07-19 15:11:04,936] INFO in async_services: Добавлен новый ресурс домен - refactoring, id - f0f99612-de51-4ea5-999d-cdb460fba15d
[2023-07-19 15:55:43,548] INFO in async_services: Добавлен новый ресурс домен - docs-python, id - 85cf9f9c-a8d6-4f33-a8e5-494a84b84125
[2023-07-19 15:55:43,555] INFO in async_services: Добавлен новый ресурс домен - pythonworld, id - f418ce83-1f18-44bb-b811-e5967d35e4b7
[2023-07-19 15:55:43,558] INFO in async_services: Добавлен новый ресурс домен - python-scripts, id - 309e5fa6-a6e0-4675-beef-df98ae891a91
[2023-07-19 15:55:43,632] INFO in async_services: Добавлен новый ресурс домен - telegra, id - 30b00266-164c-4a9f-8c59-b2f94e464909
[2023-07-19 15:55:43,645] INFO in async_services: Добавлен новый ресурс домен - tproger, id - 6914795c-943f-434f-8494-60e5f63319de
[2023-07-19 15:55:43,651] INFO in async_services: Добавлен новый ресурс домен - habr, id - 05e14110-2417-4213-8aa7-27266fc7a72f
[2023-07-19 15:55:43,652] INFO in async_services: Добавлен новый ресурс домен - habr, id - c0d36503-c14b-4f9f-bc91-bc11108a9db7
[2023-07-19 15:55:43,776] INFO in async_services: Добавлен новый ресурс домен - habr, id - 3337eaa8-c682-49d7-9524-45552da78ce0
[2023-07-19 15:55:43,782] INFO in async_services: Добавлен новый ресурс домен - habr, id - c5da5f6a-27e7-46a8-a373-d9ff6f35d3d4
[2023-07-19 15:55:43,782] INFO in async_services: Добавлен новый ресурс домен - rukovodstvo, id - 3ce8713f-170f-45e3-b87e-a3c1766f20b1
[2023-07-19 15:55:43,846] INFO in async_services: Добавлен новый ресурс домен - schedule.readthedocs, id - c8779764-066d-4f18-ac8a-fe5d3de60dab
[2023-07-19 15:55:43,849] INFO in async_services: Добавлен новый ресурс домен - habr, id - 4e3c83e7-92af-44ae-8e27-4f41806bd5dd
[2023-07-19 15:55:43,853] INFO in async_services: Добавлен новый ресурс домен - stepik, id - 04d78218-7cdb-4910-9592-037cec53fda4
[2023-07-19 15:55:43,854] INFO in async_services: Добавлен новый ресурс домен - docs.sqlalchemy, id - f6e7cf82-b506-4f35-83ee-39816416597d
[2023-07-19 15:55:43,966] INFO in async_services: Добавлен новый ресурс домен - www.bogotobogo, id - 06095f05-273d-4fce-b993-4c957400c855
[2023-07-19 15:55:43,970] INFO in async_services: Добавлен новый ресурс домен - stackoverflow, id - 34f4316c-42ce-46f2-b57f-14bb2d4f1bbd
[2023-07-19 15:55:43,972] INFO in async_services: Добавлен новый ресурс домен - github, id - 06c717c3-0684-4256-ac04-109013c8746b
[2023-07-19 15:55:44,082] INFO in async_services: Добавлен новый ресурс домен - timeweb, id - be16c9c5-1ff7-43f7-8829-506d0524f0e1
[2023-07-19 15:55:44,290] INFO in async_services: Добавлен новый ресурс домен - nedbatchelder, id - 09520a60-41d6-477c-a4b6-5901b225220c
[2023-07-19 15:55:44,368] INFO in async_services: Добавлен новый ресурс домен - belleyou, id - 9547440f-7c2e-451b-8dc8-2df74a57d404
[2023-07-19 15:55:45,270] INFO in async_services: Сработал таумаут ожидания ответа для https://refactoring.guru/ru/design-patterns/observer/python/example
[2023-07-19 15:55:45,276] INFO in async_services: Добавлен новый ресурс домен - refactoring, id - 87a9cf7e-254d-405f-91ef-f0ee0276713f
